/home/macula/SMATousi/.conda/envs/snorkel/lib/python3.12/site-packages/torch/distributed/launch.py:208: FutureWarning: The module torch.distributed.launch is deprecated
and will be removed in future. Use torchrun.
Note that --use-env is set by default in torchrun.
If your script expects `--local-rank` argument to be set, please
change it to read from `os.environ['LOCAL_RANK']` instead. See 
https://pytorch.org/docs/stable/distributed.html#launch-utility for 
further instructions

  main()
2025-01-23 20:48:32.092155: I tensorflow/core/util/port.cc:153] oneDNN custom operations are on. You may see slightly different numerical results due to floating-point round-off errors from different computation orders. To turn them off, set the environment variable `TF_ENABLE_ONEDNN_OPTS=0`.
2025-01-23 20:48:32.100259: E external/local_xla/xla/stream_executor/cuda/cuda_fft.cc:485] Unable to register cuFFT factory: Attempting to register factory for plugin cuFFT when one has already been registered
2025-01-23 20:48:32.108871: E external/local_xla/xla/stream_executor/cuda/cuda_dnn.cc:8454] Unable to register cuDNN factory: Attempting to register factory for plugin cuDNN when one has already been registered
2025-01-23 20:48:32.111393: E external/local_xla/xla/stream_executor/cuda/cuda_blas.cc:1452] Unable to register cuBLAS factory: Attempting to register factory for plugin cuBLAS when one has already been registered
2025-01-23 20:48:32.118140: I tensorflow/core/platform/cpu_feature_guard.cc:210] This TensorFlow binary is optimized to use available CPU instructions in performance-critical operations.
To enable the following instructions: AVX2 AVX_VNNI FMA, in other operations, rebuild TensorFlow with the appropriate compiler flags.
2025-01-23 20:48:33.372175: W tensorflow/compiler/tf2tensorrt/utils/py_utils.cc:38] TF-TRT Warning: Could not find TensorRT
/home/macula/SMATousi/.conda/envs/snorkel/lib/python3.12/site-packages/xformers/ops/fmha/flash.py:211: FutureWarning: `torch.library.impl_abstract` was renamed to `torch.library.register_fake`. Please use that instead; we will remove `torch.library.impl_abstract` in a future version of PyTorch.
  @torch.library.impl_abstract("xformers_flash::flash_fwd")
/home/macula/SMATousi/.conda/envs/snorkel/lib/python3.12/site-packages/xformers/ops/fmha/flash.py:344: FutureWarning: `torch.library.impl_abstract` was renamed to `torch.library.register_fake`. Please use that instead; we will remove `torch.library.impl_abstract` in a future version of PyTorch.
  @torch.library.impl_abstract("xformers_flash::flash_bwd")
[2025-01-23 20:48:41,114][    INFO] {'backbone': 'dinov2_small',
 'batch_size': 2,
 'conf_thresh': 0.95,
 'config': 'configs/ade20k.yaml',
 'criterion': {'kwargs': {'ignore_index': 255}, 'name': 'CELoss'},
 'crop_size': 518,
 'data_root': '/home/macula/SMATousi/projects/Unimatch+RAE/datasets/ADE20K/data',
 'dataset': 'ade20k',
 'epochs': 60,
 'labeled_id_path': 'splits/ade20k/1_16/labeled.txt',
 'local_rank': 0,
 'lock_backbone': False,
 'lr': 5e-06,
 'lr_multi': 40.0,
 'model': 'dpt',
 'nclass': 150,
 'ngpus': 1,
 'port': 8080,
 'projectname': 'Unimatch_RAE',
 'runname': 'pascal_wo_FA_366_norm',
 'save_path': 'exp/ade20k/unimatch_v2_wandb_normloss_gradient/dinov2_small/1_16',
 'unlabeled_id_path': 'splits/ade20k/1_16/unlabeled.txt'}

wandb: Using wandb-core as the SDK backend. Please refer to https://wandb.me/wandb-core for more information.
wandb: Currently logged in as: stmmc (tousi-team). Use `wandb login --relogin` to force relogin
wandb: Tracking run with wandb version 0.18.5
wandb: Run data is saved locally in /home/macula/SMATousi/projects/Unimatch+RAE/UniMatch-V2/wandb/run-20250123_204841-pw3xal07
wandb: Run `wandb offline` to turn off syncing.
wandb: Syncing run pascal_wo_FA_366_norm
wandb: â­ï¸ View project at https://wandb.ai/tousi-team/Unimatch_RAE
wandb: ðŸš€ View run at https://wandb.ai/tousi-team/Unimatch_RAE/runs/pw3xal07
/home/macula/SMATousi/projects/Unimatch+RAE/UniMatch-V2/unimatch_v2_wandb_normloss_gradient.py:90: FutureWarning: You are using `torch.load` with `weights_only=False` (the current default value), which uses the default pickle module implicitly. It is possible to construct malicious pickle data which will execute arbitrary code during unpickling (See https://github.com/pytorch/pytorch/blob/main/SECURITY.md#untrusted-models for more details). In a future release, the default value for `weights_only` will be flipped to `True`. This limits the functions that could be executed during unpickling. Arbitrary objects will no longer be allowed to be loaded via this mode unless they are explicitly allowlisted by the user via `torch.serialization.add_safe_globals`. We recommend you start setting `weights_only=True` for any use case where you don't have full control of the loaded file. Please open an issue on GitHub for any issues related to this experimental feature.
  state_dict = torch.load(f'./pretrained/{cfg["backbone"]}.pth')
[2025-01-23 20:48:43,522][    INFO] Total params: 24.8M
[2025-01-23 20:48:43,522][    INFO] Encoder params: 22.1M
[2025-01-23 20:48:43,522][    INFO] Decoder params: 2.7M

[2025-01-23 20:48:43,602][    INFO] ===========> Epoch: 0, Previous best: 0.00 @epoch-0, EMA: 0.00 @epoch-0
Traceback (most recent call last):
  File "/home/macula/SMATousi/projects/Unimatch+RAE/UniMatch-V2/unimatch_v2_wandb_normloss_gradient.py", line 336, in <module>
    main()
  File "/home/macula/SMATousi/projects/Unimatch+RAE/UniMatch-V2/unimatch_v2_wandb_normloss_gradient.py", line 232, in main
    loss_x_gradient = criterion_gradient(img_x, pred_x)
                      ^^^^^^^^^^^^^^^^^^^^^^^^^^^^^^^^^
  File "/home/macula/SMATousi/.conda/envs/snorkel/lib/python3.12/site-packages/torch/nn/modules/module.py", line 1553, in _wrapped_call_impl
    return self._call_impl(*args, **kwargs)
           ^^^^^^^^^^^^^^^^^^^^^^^^^^^^^^^^
  File "/home/macula/SMATousi/.conda/envs/snorkel/lib/python3.12/site-packages/torch/nn/modules/module.py", line 1562, in _call_impl
    return forward_call(*args, **kwargs)
           ^^^^^^^^^^^^^^^^^^^^^^^^^^^^^
  File "/home/macula/SMATousi/projects/Unimatch+RAE/UniMatch-V2/Regularization_losses.py", line 87, in forward
    gradients = torch.autograd.grad(outputs=outputs, inputs=inputs,
                ^^^^^^^^^^^^^^^^^^^^^^^^^^^^^^^^^^^^^^^^^^^^^^^^^^^
  File "/home/macula/SMATousi/.conda/envs/snorkel/lib/python3.12/site-packages/torch/autograd/__init__.py", line 436, in grad
    result = _engine_run_backward(
             ^^^^^^^^^^^^^^^^^^^^^
  File "/home/macula/SMATousi/.conda/envs/snorkel/lib/python3.12/site-packages/torch/autograd/graph.py", line 768, in _engine_run_backward
    return Variable._execution_engine.run_backward(  # Calls into the C++ engine to run the backward pass
           ^^^^^^^^^^^^^^^^^^^^^^^^^^^^^^^^^^^^^^^^^^^^^^^^^^^^^^^^^^^^^^^^^^^^^^^^^^^^^^^^^^^^^^^^^^^^^^
RuntimeError: One of the differentiated Tensors appears to not have been used in the graph. Set allow_unused=True if this is the desired behavior.
[rank0]: Traceback (most recent call last):
[rank0]:   File "/home/macula/SMATousi/projects/Unimatch+RAE/UniMatch-V2/unimatch_v2_wandb_normloss_gradient.py", line 336, in <module>
[rank0]:     main()
[rank0]:   File "/home/macula/SMATousi/projects/Unimatch+RAE/UniMatch-V2/unimatch_v2_wandb_normloss_gradient.py", line 232, in main
[rank0]:     loss_x_gradient = criterion_gradient(img_x, pred_x)
[rank0]:                       ^^^^^^^^^^^^^^^^^^^^^^^^^^^^^^^^^
[rank0]:   File "/home/macula/SMATousi/.conda/envs/snorkel/lib/python3.12/site-packages/torch/nn/modules/module.py", line 1553, in _wrapped_call_impl
[rank0]:     return self._call_impl(*args, **kwargs)
[rank0]:            ^^^^^^^^^^^^^^^^^^^^^^^^^^^^^^^^
[rank0]:   File "/home/macula/SMATousi/.conda/envs/snorkel/lib/python3.12/site-packages/torch/nn/modules/module.py", line 1562, in _call_impl
[rank0]:     return forward_call(*args, **kwargs)
[rank0]:            ^^^^^^^^^^^^^^^^^^^^^^^^^^^^^
[rank0]:   File "/home/macula/SMATousi/projects/Unimatch+RAE/UniMatch-V2/Regularization_losses.py", line 87, in forward
[rank0]:     gradients = torch.autograd.grad(outputs=outputs, inputs=inputs,
[rank0]:                 ^^^^^^^^^^^^^^^^^^^^^^^^^^^^^^^^^^^^^^^^^^^^^^^^^^^
[rank0]:   File "/home/macula/SMATousi/.conda/envs/snorkel/lib/python3.12/site-packages/torch/autograd/__init__.py", line 436, in grad
[rank0]:     result = _engine_run_backward(
[rank0]:              ^^^^^^^^^^^^^^^^^^^^^
[rank0]:   File "/home/macula/SMATousi/.conda/envs/snorkel/lib/python3.12/site-packages/torch/autograd/graph.py", line 768, in _engine_run_backward
[rank0]:     return Variable._execution_engine.run_backward(  # Calls into the C++ engine to run the backward pass
[rank0]:            ^^^^^^^^^^^^^^^^^^^^^^^^^^^^^^^^^^^^^^^^^^^^^^^^^^^^^^^^^^^^^^^^^^^^^^^^^^^^^^^^^^^^^^^^^^^^^^
[rank0]: RuntimeError: One of the differentiated Tensors appears to not have been used in the graph. Set allow_unused=True if this is the desired behavior.
[1;34mwandb[0m: ðŸš€ View run [33mpascal_wo_FA_366_norm[0m at: [34mhttps://wandb.ai/tousi-team/Unimatch_RAE/runs/pw3xal07[0m
[1;34mwandb[0m: Find logs at: [1;35mwandb/run-20250123_204841-pw3xal07/logs[0m
E0123 20:48:46.372000 139794831107136 torch/distributed/elastic/multiprocessing/api.py:833] failed (exitcode: 1) local_rank: 0 (pid: 734102) of binary: /home/macula/SMATousi/.conda/envs/snorkel/bin/python
Traceback (most recent call last):
  File "<frozen runpy>", line 198, in _run_module_as_main
  File "<frozen runpy>", line 88, in _run_code
  File "/home/macula/SMATousi/.conda/envs/snorkel/lib/python3.12/site-packages/torch/distributed/launch.py", line 208, in <module>
    main()
  File "/home/macula/SMATousi/.conda/envs/snorkel/lib/python3.12/site-packages/typing_extensions.py", line 2636, in wrapper
    return arg(*args, **kwargs)
           ^^^^^^^^^^^^^^^^^^^^
  File "/home/macula/SMATousi/.conda/envs/snorkel/lib/python3.12/site-packages/torch/distributed/launch.py", line 204, in main
    launch(args)
  File "/home/macula/SMATousi/.conda/envs/snorkel/lib/python3.12/site-packages/torch/distributed/launch.py", line 189, in launch
    run(args)
  File "/home/macula/SMATousi/.conda/envs/snorkel/lib/python3.12/site-packages/torch/distributed/run.py", line 892, in run
    elastic_launch(
  File "/home/macula/SMATousi/.conda/envs/snorkel/lib/python3.12/site-packages/torch/distributed/launcher/api.py", line 133, in __call__
    return launch_agent(self._config, self._entrypoint, list(args))
           ^^^^^^^^^^^^^^^^^^^^^^^^^^^^^^^^^^^^^^^^^^^^^^^^^^^^^^^^
  File "/home/macula/SMATousi/.conda/envs/snorkel/lib/python3.12/site-packages/torch/distributed/launcher/api.py", line 264, in launch_agent
    raise ChildFailedError(
torch.distributed.elastic.multiprocessing.errors.ChildFailedError: 
============================================================
unimatch_v2_wandb_normloss_gradient.py FAILED
------------------------------------------------------------
Failures:
  <NO_OTHER_FAILURES>
------------------------------------------------------------
Root Cause (first observed failure):
[0]:
  time      : 2025-01-23_20:48:46
  host      : localhost
  rank      : 0 (local_rank: 0)
  exitcode  : 1 (pid: 734102)
  error_file: <N/A>
  traceback : To enable traceback see: https://pytorch.org/docs/stable/elastic/errors.html
============================================================
